IP: 10.0.1.10
OS: DOWN
Team: RED
NodeType: Server
Service: none

IP: 10.0.1.11
OS: DOWN
Team: RED
NodeType: Server
Service: none

IP: 10.0.1.12
OS: DOWN
Team: RED
NodeType: Server
Service: none

IP: 10.0.2.10
OS: DOWN
Team: BLUE
NodeType: Server
Service: none

IP: 10.0.2.11
OS: DOWN
Team: BLUE
NodeType: Server
Service: none

IP: 10.0.2.12
OS: DOWN
Team: BLUE
NodeType: Server
Service: none

IP: 10.0.0.11
OS: _Linux_2.6.X|2.4.X_
Team: WHITE
NodeType: KoTH
Service: none

IP: 10.0.0.12
OS: _Linux_2.6.X|2.4.X_
Team: WHITE
NodeType: KoTH
Service: none

IP: 10.0.0.13
OS: _Linux_2.6.X|2.4.X_
Team: BLUE
NodeType: KoTH
Service: none

IP: 10.0.0.14
OS: _Linux_2.6.X|2.4.X_
Team: WHITE
NodeType: KoTH
Service: none

IP: 10.0.0.15
OS: Microsoft_Windows_2000|XP
Team: WHITE
NodeType: KoTH
Service: none

IP: 10.0.0.16
OS: Microsoft_Windows_2000|XP
Team: WHITE
NodeType: KoTH
Service: none

IP: 10.0.0.175
OS: Microsoft_Windows_Vista|2008
Team: WHITE
NodeType: Client
Service: none

